2025-01-28 04:29:02 [INFO]: Server running in development mode on http://localhost:3000
2025-01-28 04:29:08 [INFO]: User logged in successfully adham54732@gmail.com adham ashraf  on ::1 from PostmanRuntime/7.43.0
2025-01-28 04:29:35 [WARN]: Failed login attempt for adham54732@gmail.com on ::1 from PostmanRuntime/7.43.0
2025-01-28 04:29:35 [ERROR]: Error: Invalid email or password
    at file:///A:/MyGitHub2024/todoApp-express-ejs/services/authService.js:58:17
2025-01-28 04:30:24 [INFO]: Server running in development mode on http://localhost:3000
2025-01-28 04:30:26 [INFO]: Server running in development mode on http://localhost:3000
2025-01-28 04:30:28 [INFO]: Server running in development mode on http://localhost:3000
2025-01-28 04:35:12 [INFO]: Server running in development mode on http://localhost:3000
2025-01-28 04:35:14 [WARN]: Failed login attempt for adham54732@gmail.com on ::1 from PostmanRuntime/7.43.0
2025-01-28 04:35:14 [ERROR]: Error: Invalid email or password
    at file:///A:/MyGitHub2024/todoApp-express-ejs/services/authService.js:58:17
2025-01-28 06:24:33 [INFO]: Server running in development mode on http://localhost:3000
2025-01-29 00:13:44 [INFO]: Server running in development mode on http://localhost:3000
2025-01-29 00:15:23 [INFO]: Server running in development mode on http://localhost:3000
2025-01-29 00:15:59 [INFO]: Server running in development mode on http://localhost:3000
2025-01-29 00:16:23 [INFO]: Server running in development mode on http://localhost:3000
2025-01-29 00:23:06 [INFO]: Server running in development mode on http://localhost:3000
2025-01-29 00:23:33 [INFO]: Server running in development mode on http://localhost:3000
2025-01-29 00:23:51 [INFO]: Server running in development mode on http://localhost:3000
2025-01-29 00:24:50 [INFO]: Server running in development mode on http://localhost:3000
2025-01-29 00:24:56 [INFO]: Server running in development mode on http://localhost:3000
2025-01-29 00:25:31 [INFO]: Server running in development mode on http://localhost:3000
2025-01-29 00:25:37 [INFO]: Server running in development mode on http://localhost:3000
2025-01-29 00:26:30 [INFO]: Server running in development mode on http://localhost:3000
2025-01-29 00:26:52 [INFO]: Server running in development mode on http://localhost:3000
2025-01-29 00:27:13 [INFO]: Server running in development mode on http://localhost:3000
2025-01-29 00:27:22 [INFO]: Server running in development mode on http://localhost:3000
2025-01-29 00:27:43 [INFO]: Server running in development mode on http://localhost:3000
2025-01-29 00:27:46 [INFO]: Server running in development mode on http://localhost:3000
2025-01-29 00:27:56 [INFO]: Server running in development mode on http://localhost:3000
2025-01-29 00:28:04 [INFO]: Server running in development mode on http://localhost:3000
2025-01-29 00:28:23 [INFO]: Server running in development mode on http://localhost:3000
2025-01-29 00:28:51 [INFO]: Server running in development mode on http://localhost:3000
2025-01-29 00:29:20 [INFO]: Server running in development mode on http://localhost:3000
2025-01-29 00:29:36 [INFO]: Server running in development mode on http://localhost:3000
2025-01-29 00:30:21 [INFO]: Server running in development mode on http://localhost:3000
2025-01-29 00:34:39 [INFO]: Server running in development mode on http://localhost:3000
2025-01-29 00:34:44 [INFO]: Server running in development mode on http://localhost:3000
2025-01-29 00:35:32 [ERROR]: JsonWebTokenError: jwt malformed
    at module.exports [as verify] (A:\MyGitHub2024\todoApp-express-ejs\node_modules\jsonwebtoken\verify.js:70:17)
    at file:///A:/MyGitHub2024/todoApp-express-ejs/services/authService.js:193:23
    at asyncUtilWrap (A:\MyGitHub2024\todoApp-express-ejs\node_modules\express-async-handler\index.js:3:20)
    at Layer.handle [as handle_request] (A:\MyGitHub2024\todoApp-express-ejs\node_modules\express\lib\router\layer.js:95:5)
    at next (A:\MyGitHub2024\todoApp-express-ejs\node_modules\express\lib\router\route.js:149:13)
    at validatorMiddleware (file:///A:/MyGitHub2024/todoApp-express-ejs/middlewares/validatorMiddleware.js:8:3)
    at Layer.handle [as handle_request] (A:\MyGitHub2024\todoApp-express-ejs\node_modules\express\lib\router\layer.js:95:5)
    at next (A:\MyGitHub2024\todoApp-express-ejs\node_modules\express\lib\router\route.js:149:13)
    at middleware (A:\MyGitHub2024\todoApp-express-ejs\node_modules\express-validator\lib\middlewares\check.js:16:13)
    at process.processTicksAndRejections (node:internal/process/task_queues:95:5)
2025-01-29 00:35:42 [ERROR]: ValidationError: Task validation failed: group: Cast to ObjectId failed for value "none" (type string) at path "group" because of "BSONError", taskType: `task` is not a valid enum value for path `taskType`.
    at Document.invalidate (A:\MyGitHub2024\todoApp-express-ejs\node_modules\mongoose\lib\document.js:3334:32)
    at applyDefaults (A:\MyGitHub2024\todoApp-express-ejs\node_modules\mongoose\lib\helpers\document\applyDefaults.js:104:17)
    at model.Document (A:\MyGitHub2024\todoApp-express-ejs\node_modules\mongoose\lib\document.js:168:7)
    at model.Model (A:\MyGitHub2024\todoApp-express-ejs\node_modules\mongoose\lib\model.js:129:12)
    at new model (A:\MyGitHub2024\todoApp-express-ejs\node_modules\mongoose\lib\model.js:4656:15)
    at A:\MyGitHub2024\todoApp-express-ejs\node_modules\mongoose\lib\model.js:2691:20
    at Array.map (<anonymous>)
    at Function.create (A:\MyGitHub2024\todoApp-express-ejs\node_modules\mongoose\lib\model.js:2679:34)
    at file:///A:/MyGitHub2024/todoApp-express-ejs/services/taskService.js:38:27
    at asyncUtilWrap (A:\MyGitHub2024\todoApp-express-ejs\node_modules\express-async-handler\index.js:3:20)
2025-01-29 00:36:15 [ERROR]: ValidationError: Task validation failed: group: Cast to ObjectId failed for value "none" (type string) at path "group" because of "BSONError", taskType: `task` is not a valid enum value for path `taskType`.
    at Document.invalidate (A:\MyGitHub2024\todoApp-express-ejs\node_modules\mongoose\lib\document.js:3334:32)
    at applyDefaults (A:\MyGitHub2024\todoApp-express-ejs\node_modules\mongoose\lib\helpers\document\applyDefaults.js:104:17)
    at model.Document (A:\MyGitHub2024\todoApp-express-ejs\node_modules\mongoose\lib\document.js:168:7)
    at model.Model (A:\MyGitHub2024\todoApp-express-ejs\node_modules\mongoose\lib\model.js:129:12)
    at new model (A:\MyGitHub2024\todoApp-express-ejs\node_modules\mongoose\lib\model.js:4656:15)
    at A:\MyGitHub2024\todoApp-express-ejs\node_modules\mongoose\lib\model.js:2691:20
    at Array.map (<anonymous>)
    at Function.create (A:\MyGitHub2024\todoApp-express-ejs\node_modules\mongoose\lib\model.js:2679:34)
    at file:///A:/MyGitHub2024/todoApp-express-ejs/services/taskService.js:38:27
    at asyncUtilWrap (A:\MyGitHub2024\todoApp-express-ejs\node_modules\express-async-handler\index.js:3:20)
2025-01-29 00:36:39 [ERROR]: ValidationError: Task validation failed: group: Cast to ObjectId failed for value "none" (type string) at path "group" because of "BSONError", taskType: `task` is not a valid enum value for path `taskType`.
    at Document.invalidate (A:\MyGitHub2024\todoApp-express-ejs\node_modules\mongoose\lib\document.js:3334:32)
    at applyDefaults (A:\MyGitHub2024\todoApp-express-ejs\node_modules\mongoose\lib\helpers\document\applyDefaults.js:104:17)
    at model.Document (A:\MyGitHub2024\todoApp-express-ejs\node_modules\mongoose\lib\document.js:168:7)
    at model.Model (A:\MyGitHub2024\todoApp-express-ejs\node_modules\mongoose\lib\model.js:129:12)
    at new model (A:\MyGitHub2024\todoApp-express-ejs\node_modules\mongoose\lib\model.js:4656:15)
    at A:\MyGitHub2024\todoApp-express-ejs\node_modules\mongoose\lib\model.js:2691:20
    at Array.map (<anonymous>)
    at Function.create (A:\MyGitHub2024\todoApp-express-ejs\node_modules\mongoose\lib\model.js:2679:34)
    at file:///A:/MyGitHub2024/todoApp-express-ejs/services/taskService.js:38:27
    at asyncUtilWrap (A:\MyGitHub2024\todoApp-express-ejs\node_modules\express-async-handler\index.js:3:20)
2025-01-29 00:36:54 [INFO]: Server running in development mode on http://localhost:3000
2025-01-29 00:36:59 [INFO]: Server running in development mode on http://localhost:3000
2025-01-29 00:37:02 [ERROR]: ValidationError: Task validation failed: group: Cast to ObjectId failed for value "none" (type string) at path "group" because of "BSONError", category: Cast to ObjectId failed for value "none" (type string) at path "category" because of "BSONError"
    at Document.invalidate (A:\MyGitHub2024\todoApp-express-ejs\node_modules\mongoose\lib\document.js:3334:32)
    at applyDefaults (A:\MyGitHub2024\todoApp-express-ejs\node_modules\mongoose\lib\helpers\document\applyDefaults.js:104:17)
    at model.Document (A:\MyGitHub2024\todoApp-express-ejs\node_modules\mongoose\lib\document.js:168:7)
    at model.Model (A:\MyGitHub2024\todoApp-express-ejs\node_modules\mongoose\lib\model.js:129:12)
    at new model (A:\MyGitHub2024\todoApp-express-ejs\node_modules\mongoose\lib\model.js:4656:15)
    at A:\MyGitHub2024\todoApp-express-ejs\node_modules\mongoose\lib\model.js:2691:20
    at Array.map (<anonymous>)
    at Function.create (A:\MyGitHub2024\todoApp-express-ejs\node_modules\mongoose\lib\model.js:2679:34)
    at file:///A:/MyGitHub2024/todoApp-express-ejs/services/taskService.js:39:27
    at asyncUtilWrap (A:\MyGitHub2024\todoApp-express-ejs\node_modules\express-async-handler\index.js:3:20)
2025-01-29 00:37:44 [ERROR]: ValidationError: Task validation failed: group: Cast to ObjectId failed for value "none" (type string) at path "group" because of "BSONError", category: Cast to ObjectId failed for value "none" (type string) at path "category" because of "BSONError"
    at Document.invalidate (A:\MyGitHub2024\todoApp-express-ejs\node_modules\mongoose\lib\document.js:3334:32)
    at applyDefaults (A:\MyGitHub2024\todoApp-express-ejs\node_modules\mongoose\lib\helpers\document\applyDefaults.js:104:17)
    at model.Document (A:\MyGitHub2024\todoApp-express-ejs\node_modules\mongoose\lib\document.js:168:7)
    at model.Model (A:\MyGitHub2024\todoApp-express-ejs\node_modules\mongoose\lib\model.js:129:12)
    at new model (A:\MyGitHub2024\todoApp-express-ejs\node_modules\mongoose\lib\model.js:4656:15)
    at A:\MyGitHub2024\todoApp-express-ejs\node_modules\mongoose\lib\model.js:2691:20
    at Array.map (<anonymous>)
    at Function.create (A:\MyGitHub2024\todoApp-express-ejs\node_modules\mongoose\lib\model.js:2679:34)
    at file:///A:/MyGitHub2024/todoApp-express-ejs/services/taskService.js:39:27
    at asyncUtilWrap (A:\MyGitHub2024\todoApp-express-ejs\node_modules\express-async-handler\index.js:3:20)
2025-01-29 00:37:45 [ERROR]: ValidationError: Task validation failed: group: Cast to ObjectId failed for value "none" (type string) at path "group" because of "BSONError", category: Cast to ObjectId failed for value "none" (type string) at path "category" because of "BSONError"
    at Document.invalidate (A:\MyGitHub2024\todoApp-express-ejs\node_modules\mongoose\lib\document.js:3334:32)
    at applyDefaults (A:\MyGitHub2024\todoApp-express-ejs\node_modules\mongoose\lib\helpers\document\applyDefaults.js:104:17)
    at model.Document (A:\MyGitHub2024\todoApp-express-ejs\node_modules\mongoose\lib\document.js:168:7)
    at model.Model (A:\MyGitHub2024\todoApp-express-ejs\node_modules\mongoose\lib\model.js:129:12)
    at new model (A:\MyGitHub2024\todoApp-express-ejs\node_modules\mongoose\lib\model.js:4656:15)
    at A:\MyGitHub2024\todoApp-express-ejs\node_modules\mongoose\lib\model.js:2691:20
    at Array.map (<anonymous>)
    at Function.create (A:\MyGitHub2024\todoApp-express-ejs\node_modules\mongoose\lib\model.js:2679:34)
    at file:///A:/MyGitHub2024/todoApp-express-ejs/services/taskService.js:39:27
    at asyncUtilWrap (A:\MyGitHub2024\todoApp-express-ejs\node_modules\express-async-handler\index.js:3:20)
2025-01-29 00:38:44 [INFO]: Server running in development mode on http://localhost:3000
2025-01-29 22:34:05 [INFO]: Server running in development mode on http://localhost:3000
2025-01-30 03:29:28 [INFO]: Server running in development mode on http://localhost:3000
2025-01-30 03:33:23 [ERROR]: Error: Not authorized to access this route
    at file:///A:/MyGitHub2024/todoApp-express-ejs/services/authService.js:190:17
    at asyncUtilWrap (A:\MyGitHub2024\todoApp-express-ejs\node_modules\express-async-handler\index.js:3:20)
    at Layer.handle [as handle_request] (A:\MyGitHub2024\todoApp-express-ejs\node_modules\express\lib\router\layer.js:95:5)
    at next (A:\MyGitHub2024\todoApp-express-ejs\node_modules\express\lib\router\route.js:149:13)
    at next (A:\MyGitHub2024\todoApp-express-ejs\node_modules\express\lib\router\route.js:145:7)
    at next (A:\MyGitHub2024\todoApp-express-ejs\node_modules\express\lib\router\route.js:145:7)
    at Route.dispatch (A:\MyGitHub2024\todoApp-express-ejs\node_modules\express\lib\router\route.js:119:3)
    at Layer.handle [as handle_request] (A:\MyGitHub2024\todoApp-express-ejs\node_modules\express\lib\router\layer.js:95:5)
    at A:\MyGitHub2024\todoApp-express-ejs\node_modules\express\lib\router\index.js:284:15
    at Function.process_params (A:\MyGitHub2024\todoApp-express-ejs\node_modules\express\lib\router\index.js:346:12)
2025-01-30 03:33:23 [ERROR]: Error: Not authorized to access this route
    at file:///A:/MyGitHub2024/todoApp-express-ejs/services/authService.js:190:17
    at asyncUtilWrap (A:\MyGitHub2024\todoApp-express-ejs\node_modules\express-async-handler\index.js:3:20)
    at Layer.handle [as handle_request] (A:\MyGitHub2024\todoApp-express-ejs\node_modules\express\lib\router\layer.js:95:5)
    at next (A:\MyGitHub2024\todoApp-express-ejs\node_modules\express\lib\router\route.js:149:13)
    at next (A:\MyGitHub2024\todoApp-express-ejs\node_modules\express\lib\router\route.js:145:7)
    at next (A:\MyGitHub2024\todoApp-express-ejs\node_modules\express\lib\router\route.js:145:7)
    at Route.dispatch (A:\MyGitHub2024\todoApp-express-ejs\node_modules\express\lib\router\route.js:119:3)
    at Layer.handle [as handle_request] (A:\MyGitHub2024\todoApp-express-ejs\node_modules\express\lib\router\layer.js:95:5)
    at A:\MyGitHub2024\todoApp-express-ejs\node_modules\express\lib\router\index.js:284:15
    at Function.process_params (A:\MyGitHub2024\todoApp-express-ejs\node_modules\express\lib\router\index.js:346:12)
2025-01-30 03:35:30 [ERROR]: Error: Not authorized to access this route
    at file:///A:/MyGitHub2024/todoApp-express-ejs/services/authService.js:190:17
    at asyncUtilWrap (A:\MyGitHub2024\todoApp-express-ejs\node_modules\express-async-handler\index.js:3:20)
    at Layer.handle [as handle_request] (A:\MyGitHub2024\todoApp-express-ejs\node_modules\express\lib\router\layer.js:95:5)
    at next (A:\MyGitHub2024\todoApp-express-ejs\node_modules\express\lib\router\route.js:149:13)
    at next (A:\MyGitHub2024\todoApp-express-ejs\node_modules\express\lib\router\route.js:145:7)
    at next (A:\MyGitHub2024\todoApp-express-ejs\node_modules\express\lib\router\route.js:145:7)
    at Route.dispatch (A:\MyGitHub2024\todoApp-express-ejs\node_modules\express\lib\router\route.js:119:3)
    at Layer.handle [as handle_request] (A:\MyGitHub2024\todoApp-express-ejs\node_modules\express\lib\router\layer.js:95:5)
    at A:\MyGitHub2024\todoApp-express-ejs\node_modules\express\lib\router\index.js:284:15
    at Function.process_params (A:\MyGitHub2024\todoApp-express-ejs\node_modules\express\lib\router\index.js:346:12)
2025-01-30 03:35:55 [ERROR]: ValidationError: GroupMember validation failed: name: Path `name` is required.
    at Document.invalidate (A:\MyGitHub2024\todoApp-express-ejs\node_modules\mongoose\lib\document.js:3334:32)
    at A:\MyGitHub2024\todoApp-express-ejs\node_modules\mongoose\lib\document.js:3095:17
    at A:\MyGitHub2024\todoApp-express-ejs\node_modules\mongoose\lib\schemaType.js:1407:9
    at process.processTicksAndRejections (node:internal/process/task_queues:77:11)
2025-01-30 03:36:20 [ERROR]: ValidationError: GroupMember validation failed: name: Path `name` is required.
    at Document.invalidate (A:\MyGitHub2024\todoApp-express-ejs\node_modules\mongoose\lib\document.js:3334:32)
    at A:\MyGitHub2024\todoApp-express-ejs\node_modules\mongoose\lib\document.js:3095:17
    at A:\MyGitHub2024\todoApp-express-ejs\node_modules\mongoose\lib\schemaType.js:1407:9
    at process.processTicksAndRejections (node:internal/process/task_queues:77:11)
2025-01-30 03:37:20 [INFO]: Server running in development mode on http://localhost:3000
2025-01-30 03:37:40 [INFO]: Server running in development mode on http://localhost:3000
2025-01-30 15:23:41 [INFO]: Server running in development mode on http://localhost:3000
2025-01-30 16:59:48 [ERROR]: TokenExpiredError: jwt expired
    at A:\MyGitHub2024\todoApp-express-ejs\node_modules\jsonwebtoken\verify.js:190:21
    at getSecret (A:\MyGitHub2024\todoApp-express-ejs\node_modules\jsonwebtoken\verify.js:97:14)
    at module.exports [as verify] (A:\MyGitHub2024\todoApp-express-ejs\node_modules\jsonwebtoken\verify.js:101:10)
    at file:///A:/MyGitHub2024/todoApp-express-ejs/services/authService.js:193:23
    at asyncUtilWrap (A:\MyGitHub2024\todoApp-express-ejs\node_modules\express-async-handler\index.js:3:20)
    at Layer.handle [as handle_request] (A:\MyGitHub2024\todoApp-express-ejs\node_modules\express\lib\router\layer.js:95:5)
    at next (A:\MyGitHub2024\todoApp-express-ejs\node_modules\express\lib\router\route.js:149:13)
    at Route.dispatch (A:\MyGitHub2024\todoApp-express-ejs\node_modules\express\lib\router\route.js:119:3)
    at Layer.handle [as handle_request] (A:\MyGitHub2024\todoApp-express-ejs\node_modules\express\lib\router\layer.js:95:5)
    at A:\MyGitHub2024\todoApp-express-ejs\node_modules\express\lib\router\index.js:284:15
2025-01-30 17:00:31 [ERROR]: TokenExpiredError: jwt expired
    at A:\MyGitHub2024\todoApp-express-ejs\node_modules\jsonwebtoken\verify.js:190:21
    at getSecret (A:\MyGitHub2024\todoApp-express-ejs\node_modules\jsonwebtoken\verify.js:97:14)
    at module.exports [as verify] (A:\MyGitHub2024\todoApp-express-ejs\node_modules\jsonwebtoken\verify.js:101:10)
    at file:///A:/MyGitHub2024/todoApp-express-ejs/services/authService.js:193:23
    at asyncUtilWrap (A:\MyGitHub2024\todoApp-express-ejs\node_modules\express-async-handler\index.js:3:20)
    at Layer.handle [as handle_request] (A:\MyGitHub2024\todoApp-express-ejs\node_modules\express\lib\router\layer.js:95:5)
    at next (A:\MyGitHub2024\todoApp-express-ejs\node_modules\express\lib\router\route.js:149:13)
    at Route.dispatch (A:\MyGitHub2024\todoApp-express-ejs\node_modules\express\lib\router\route.js:119:3)
    at Layer.handle [as handle_request] (A:\MyGitHub2024\todoApp-express-ejs\node_modules\express\lib\router\layer.js:95:5)
    at A:\MyGitHub2024\todoApp-express-ejs\node_modules\express\lib\router\index.js:284:15
2025-01-30 17:16:50 [INFO]: Server running in development mode on http://localhost:3000
2025-01-30 17:16:53 [ERROR]: TokenExpiredError: jwt expired
    at A:\MyGitHub2024\todoApp-express-ejs\node_modules\jsonwebtoken\verify.js:190:21
    at getSecret (A:\MyGitHub2024\todoApp-express-ejs\node_modules\jsonwebtoken\verify.js:97:14)
    at module.exports [as verify] (A:\MyGitHub2024\todoApp-express-ejs\node_modules\jsonwebtoken\verify.js:101:10)
    at file:///A:/MyGitHub2024/todoApp-express-ejs/services/authService.js:193:23
    at asyncUtilWrap (A:\MyGitHub2024\todoApp-express-ejs\node_modules\express-async-handler\index.js:3:20)
    at Layer.handle [as handle_request] (A:\MyGitHub2024\todoApp-express-ejs\node_modules\express\lib\router\layer.js:95:5)
    at next (A:\MyGitHub2024\todoApp-express-ejs\node_modules\express\lib\router\route.js:149:13)
    at Route.dispatch (A:\MyGitHub2024\todoApp-express-ejs\node_modules\express\lib\router\route.js:119:3)
    at Layer.handle [as handle_request] (A:\MyGitHub2024\todoApp-express-ejs\node_modules\express\lib\router\layer.js:95:5)
    at A:\MyGitHub2024\todoApp-express-ejs\node_modules\express\lib\router\index.js:284:15
2025-01-30 17:21:07 [ERROR]: Error: Not authorized to access this route
    at file:///A:/MyGitHub2024/todoApp-express-ejs/services/authService.js:190:17
    at asyncUtilWrap (A:\MyGitHub2024\todoApp-express-ejs\node_modules\express-async-handler\index.js:3:20)
    at Layer.handle [as handle_request] (A:\MyGitHub2024\todoApp-express-ejs\node_modules\express\lib\router\layer.js:95:5)
    at next (A:\MyGitHub2024\todoApp-express-ejs\node_modules\express\lib\router\route.js:149:13)
    at Route.dispatch (A:\MyGitHub2024\todoApp-express-ejs\node_modules\express\lib\router\route.js:119:3)
    at Layer.handle [as handle_request] (A:\MyGitHub2024\todoApp-express-ejs\node_modules\express\lib\router\layer.js:95:5)
    at A:\MyGitHub2024\todoApp-express-ejs\node_modules\express\lib\router\index.js:284:15
    at param (A:\MyGitHub2024\todoApp-express-ejs\node_modules\express\lib\router\index.js:365:14)
    at param (A:\MyGitHub2024\todoApp-express-ejs\node_modules\express\lib\router\index.js:376:14)
    at Function.process_params (A:\MyGitHub2024\todoApp-express-ejs\node_modules\express\lib\router\index.js:421:3)
2025-01-30 17:21:52 [INFO]: Server running in development mode on http://localhost:3000
2025-01-30 17:22:20 [INFO]: User logged in successfully adham@gmail.com adham on ::1 from PostmanRuntime/7.43.0
2025-01-30 17:23:12 [INFO]: Server running in development mode on http://localhost:3000
2025-01-30 17:23:15 [ERROR]: Error: You are not the admin of this group
    at isGroupAdmin (file:///A:/MyGitHub2024/todoApp-express-ejs/middlewares/isGroupAdmin.js:10:17)
    at process.processTicksAndRejections (node:internal/process/task_queues:95:5)
2025-01-30 17:24:25 [INFO]: Server running in development mode on http://localhost:3000
2025-01-30 17:24:29 [INFO]: Server running in development mode on http://localhost:3000
2025-01-30 17:24:42 [INFO]: Server running in development mode on http://localhost:3000
2025-01-30 17:29:15 [WARN]: Failed login attempt for adham54732@gmail.com on ::1 from PostmanRuntime/7.43.0
2025-01-30 17:29:15 [ERROR]: Error: Invalid email or password
    at file:///A:/MyGitHub2024/todoApp-express-ejs/services/authService.js:58:17
2025-01-30 17:29:20 [WARN]: Failed login attempt for adham54732@gmail.com on ::1 from PostmanRuntime/7.43.0
2025-01-30 17:29:20 [ERROR]: Error: Invalid email or password
    at file:///A:/MyGitHub2024/todoApp-express-ejs/services/authService.js:58:17
2025-01-30 17:29:34 [INFO]: User logged in successfully adham54732@gmail.com adham ashraf  on ::1 from PostmanRuntime/7.43.0
2025-01-30 17:30:51 [ERROR]: Error: Not authorized to access this route
    at file:///A:/MyGitHub2024/todoApp-express-ejs/services/authService.js:190:17
    at asyncUtilWrap (A:\MyGitHub2024\todoApp-express-ejs\node_modules\express-async-handler\index.js:3:20)
    at Layer.handle [as handle_request] (A:\MyGitHub2024\todoApp-express-ejs\node_modules\express\lib\router\layer.js:95:5)
    at next (A:\MyGitHub2024\todoApp-express-ejs\node_modules\express\lib\router\route.js:149:13)
    at next (A:\MyGitHub2024\todoApp-express-ejs\node_modules\express\lib\router\route.js:145:7)
    at next (A:\MyGitHub2024\todoApp-express-ejs\node_modules\express\lib\router\route.js:145:7)
    at next (A:\MyGitHub2024\todoApp-express-ejs\node_modules\express\lib\router\route.js:145:7)
    at Route.dispatch (A:\MyGitHub2024\todoApp-express-ejs\node_modules\express\lib\router\route.js:119:3)
    at Layer.handle [as handle_request] (A:\MyGitHub2024\todoApp-express-ejs\node_modules\express\lib\router\layer.js:95:5)
    at A:\MyGitHub2024\todoApp-express-ejs\node_modules\express\lib\router\index.js:284:15
2025-01-30 17:32:05 [INFO]: Server running in development mode on http://localhost:3000
2025-01-30 17:34:40 [ERROR]: Error: You are not the admin of this group
    at isGroupAdmin (file:///A:/MyGitHub2024/todoApp-express-ejs/middlewares/isGroupAdmin.js:11:17)
    at process.processTicksAndRejections (node:internal/process/task_queues:95:5)
2025-01-30 17:35:50 [INFO]: Server running in development mode on http://localhost:3000
2025-01-30 17:35:58 [INFO]: Server running in development mode on http://localhost:3000
2025-01-30 17:36:07 [ERROR]: Error: Group not found
    at isGroupAdmin (file:///A:/MyGitHub2024/todoApp-express-ejs/middlewares/isGroupAdmin.js:9:17)
    at process.processTicksAndRejections (node:internal/process/task_queues:95:5)
2025-01-30 17:39:01 [INFO]: Server running in development mode on http://localhost:3000
2025-01-30 17:39:34 [INFO]: Server running in development mode on http://localhost:3000
2025-01-30 17:40:12 [ERROR]: Error: Group not exists or you are not admin
    at isGroupAdmin (file:///A:/MyGitHub2024/todoApp-express-ejs/middlewares/isGroupAdmin.js:13:17)
    at process.processTicksAndRejections (node:internal/process/task_queues:95:5)
2025-01-30 17:42:58 [INFO]: Server running in development mode on http://localhost:3000
2025-01-30 17:44:36 [INFO]: Server running in development mode on http://localhost:3000
2025-01-30 17:45:20 [INFO]: User logged in successfully adham@gmail.com adham on ::1 from PostmanRuntime/7.43.0
2025-01-30 17:45:25 [ERROR]: Error: Group not exists or you are not admin
    at isGroupAdmin (file:///A:/MyGitHub2024/todoApp-express-ejs/middlewares/isGroupAdmin.js:13:17)
    at process.processTicksAndRejections (node:internal/process/task_queues:95:5)
2025-01-30 18:35:21 [INFO]: Server running in development mode on http://localhost:3000
2025-01-30 18:35:50 [INFO]: Server running in development mode on http://localhost:3000
2025-01-30 18:35:59 [INFO]: Server running in development mode on http://localhost:3000
2025-01-30 18:38:06 [INFO]: Server running in development mode on http://localhost:3000
2025-01-30 18:38:15 [INFO]: Server running in development mode on http://localhost:3000
2025-01-30 18:39:55 [INFO]: Server running in development mode on http://localhost:3000
2025-01-30 18:40:10 [INFO]: Server running in development mode on http://localhost:3000
2025-01-30 18:40:14 [INFO]: Server running in development mode on http://localhost:3000
2025-01-30 18:40:18 [INFO]: Server running in development mode on http://localhost:3000
2025-01-30 18:45:43 [INFO]: Server running in development mode on http://localhost:3000
2025-01-30 19:02:50 [INFO]: Server running in development mode on http://localhost:3000
2025-01-30 19:04:12 [INFO]: Server running in development mode on http://localhost:3000
2025-01-30 19:09:36 [INFO]: User logged in successfully adham@gmail.com adham on ::1 from PostmanRuntime/7.43.0
2025-01-30 19:09:45 [ERROR]: Error: You are not admin of this group
    at file:///A:/MyGitHub2024/todoApp-express-ejs/middlewares/isGroupAdmin.js:13:19
    at process.processTicksAndRejections (node:internal/process/task_queues:95:5)
2025-01-30 19:10:59 [INFO]: Server running in development mode on http://localhost:3000
2025-01-30 19:11:43 [INFO]: Server running in development mode on http://localhost:3000
2025-01-30 19:15:19 [ERROR]: Error: You are not admin of this group
    at file:///A:/MyGitHub2024/todoApp-express-ejs/middlewares/groupRoleMiddleware.js:13:19
    at process.processTicksAndRejections (node:internal/process/task_queues:95:5)
2025-01-30 19:29:34 [INFO]: Server running in development mode on http://localhost:3000
2025-01-30 19:30:09 [INFO]: Server running in development mode on http://localhost:3000
2025-01-30 19:30:31 [INFO]: Server running in development mode on http://localhost:3000
2025-01-30 19:30:34 [INFO]: Server running in development mode on http://localhost:3000
2025-01-30 19:33:18 [INFO]: Server running in development mode on http://localhost:3000
2025-01-30 19:36:27 [INFO]: Server running in development mode on http://localhost:3000
2025-01-30 19:39:46 [INFO]: Server running in development mode on http://localhost:3000
2025-01-30 19:40:05 [INFO]: Server running in development mode on http://localhost:3000
2025-01-30 20:15:20 [INFO]: Server running in development mode on http://localhost:3000
2025-01-30 20:16:14 [INFO]: Server running in development mode on http://localhost:3000
2025-01-30 20:16:20 [INFO]: Server running in development mode on http://localhost:3000
2025-01-30 20:17:39 [INFO]: Server running in development mode on http://localhost:3000
2025-01-30 21:25:18 [INFO]: Server running in development mode on http://localhost:3000
2025-01-30 21:25:26 [INFO]: Server running in development mode on http://localhost:3000
2025-01-30 21:25:55 [INFO]: Server running in development mode on http://localhost:3000
2025-01-30 21:26:31 [INFO]: Server running in development mode on http://localhost:3000
2025-01-30 22:26:55 [INFO]: Server running in development mode on http://localhost:3000
2025-01-30 22:27:38 [INFO]: Server running in development mode on http://localhost:3000
2025-01-30 22:27:45 [INFO]: Server running in development mode on http://localhost:3000
2025-01-30 23:34:50 [INFO]: Server running in development mode on http://localhost:3000
2025-01-30 23:38:40 [INFO]: Server running in development mode on http://localhost:3000
2025-01-30 23:38:56 [INFO]: Server running in development mode on http://localhost:3000
2025-01-30 23:39:56 [INFO]: Server running in development mode on http://localhost:3000
2025-01-30 23:42:40 [INFO]: Server running in development mode on http://localhost:3000
2025-01-30 23:58:55 [ERROR]: TokenExpiredError: jwt expired
    at A:\MyGitHub2024\todoApp-express-ejs\node_modules\jsonwebtoken\verify.js:190:21
    at getSecret (A:\MyGitHub2024\todoApp-express-ejs\node_modules\jsonwebtoken\verify.js:97:14)
    at module.exports [as verify] (A:\MyGitHub2024\todoApp-express-ejs\node_modules\jsonwebtoken\verify.js:101:10)
    at file:///A:/MyGitHub2024/todoApp-express-ejs/services/authService.js:193:23
    at asyncUtilWrap (A:\MyGitHub2024\todoApp-express-ejs\node_modules\express-async-handler\index.js:3:20)
    at Layer.handle [as handle_request] (A:\MyGitHub2024\todoApp-express-ejs\node_modules\express\lib\router\layer.js:95:5)
    at next (A:\MyGitHub2024\todoApp-express-ejs\node_modules\express\lib\router\route.js:149:13)
    at Route.dispatch (A:\MyGitHub2024\todoApp-express-ejs\node_modules\express\lib\router\route.js:119:3)
    at Layer.handle [as handle_request] (A:\MyGitHub2024\todoApp-express-ejs\node_modules\express\lib\router\layer.js:95:5)
    at A:\MyGitHub2024\todoApp-express-ejs\node_modules\express\lib\router\index.js:284:15
2025-01-30 23:59:28 [INFO]: User logged in successfully adham54732@gmail.com adham ashraf  on ::1 from PostmanRuntime/7.43.0
2025-01-30 23:59:55 [ERROR]: Error: Not authorized to access this route
    at file:///A:/MyGitHub2024/todoApp-express-ejs/services/authService.js:190:17
    at asyncUtilWrap (A:\MyGitHub2024\todoApp-express-ejs\node_modules\express-async-handler\index.js:3:20)
    at Layer.handle [as handle_request] (A:\MyGitHub2024\todoApp-express-ejs\node_modules\express\lib\router\layer.js:95:5)
    at trim_prefix (A:\MyGitHub2024\todoApp-express-ejs\node_modules\express\lib\router\index.js:328:13)
    at A:\MyGitHub2024\todoApp-express-ejs\node_modules\express\lib\router\index.js:286:9
    at Function.process_params (A:\MyGitHub2024\todoApp-express-ejs\node_modules\express\lib\router\index.js:346:12)
    at next (A:\MyGitHub2024\todoApp-express-ejs\node_modules\express\lib\router\index.js:280:10)
    at Function.handle (A:\MyGitHub2024\todoApp-express-ejs\node_modules\express\lib\router\index.js:175:3)
    at router (A:\MyGitHub2024\todoApp-express-ejs\node_modules\express\lib\router\index.js:47:12)
    at Layer.handle [as handle_request] (A:\MyGitHub2024\todoApp-express-ejs\node_modules\express\lib\router\layer.js:95:5)
2025-01-31 00:00:05 [ERROR]: Error: You are not member of this group
    at file:///A:/MyGitHub2024/todoApp-express-ejs/middlewares/groupRoleMiddleware.js:13:19
    at process.processTicksAndRejections (node:internal/process/task_queues:95:5)
2025-01-31 00:00:35 [INFO]: User logged in successfully adham54732@gmail.com adham ashraf  on ::1 from PostmanRuntime/7.43.0
2025-01-31 00:01:08 [ERROR]: Error: You are not member of this group
    at file:///A:/MyGitHub2024/todoApp-express-ejs/middlewares/groupRoleMiddleware.js:13:19
    at process.processTicksAndRejections (node:internal/process/task_queues:95:5)
2025-01-31 00:01:48 [INFO]: Server running in development mode on http://localhost:3000
2025-01-31 00:02:39 [INFO]: Server running in development mode on http://localhost:3000
2025-01-31 00:02:52 [INFO]: Server running in development mode on http://localhost:3000
2025-01-31 00:03:08 [INFO]: Server running in development mode on http://localhost:3000
2025-01-31 00:03:40 [ERROR]: Error: You are not member of this group
    at file:///A:/MyGitHub2024/todoApp-express-ejs/middlewares/groupRoleMiddleware.js:13:19
    at process.processTicksAndRejections (node:internal/process/task_queues:95:5)
2025-01-31 00:05:47 [INFO]: Server running in development mode on http://localhost:3000
2025-01-31 00:06:35 [INFO]: Server running in development mode on http://localhost:3000
2025-01-31 00:06:58 [INFO]: Server running in development mode on http://localhost:3000
2025-01-31 00:09:13 [INFO]: Server running in development mode on http://localhost:3000
2025-01-31 00:15:46 [INFO]: Server running in development mode on http://localhost:3000
2025-01-31 00:18:03 [ERROR]: TokenExpiredError: jwt expired
    at A:\MyGitHub2024\todoApp-express-ejs\node_modules\jsonwebtoken\verify.js:190:21
    at getSecret (A:\MyGitHub2024\todoApp-express-ejs\node_modules\jsonwebtoken\verify.js:97:14)
    at module.exports [as verify] (A:\MyGitHub2024\todoApp-express-ejs\node_modules\jsonwebtoken\verify.js:101:10)
    at file:///A:/MyGitHub2024/todoApp-express-ejs/services/authService.js:193:23
    at asyncUtilWrap (A:\MyGitHub2024\todoApp-express-ejs\node_modules\express-async-handler\index.js:3:20)
    at Layer.handle [as handle_request] (A:\MyGitHub2024\todoApp-express-ejs\node_modules\express\lib\router\layer.js:95:5)
    at trim_prefix (A:\MyGitHub2024\todoApp-express-ejs\node_modules\express\lib\router\index.js:328:13)
    at A:\MyGitHub2024\todoApp-express-ejs\node_modules\express\lib\router\index.js:286:9
    at Function.process_params (A:\MyGitHub2024\todoApp-express-ejs\node_modules\express\lib\router\index.js:346:12)
    at next (A:\MyGitHub2024\todoApp-express-ejs\node_modules\express\lib\router\index.js:280:10)
2025-01-31 00:19:42 [INFO]: Server running in development mode on http://localhost:3000
2025-01-31 00:20:21 [INFO]: Server running in development mode on http://localhost:3000
2025-01-31 00:26:08 [INFO]: Server running in development mode on http://localhost:3000
2025-01-31 00:26:25 [INFO]: Server running in development mode on http://localhost:3000
2025-01-31 00:26:46 [INFO]: Server running in development mode on http://localhost:3000
2025-01-31 00:26:54 [INFO]: Server running in development mode on http://localhost:3000
2025-01-31 00:27:26 [INFO]: Server running in development mode on http://localhost:3000
2025-01-31 00:27:55 [INFO]: Server running in development mode on http://localhost:3000
2025-01-31 00:28:11 [INFO]: Server running in development mode on http://localhost:3000
2025-01-31 00:28:30 [INFO]: Server running in development mode on http://localhost:3000
2025-01-31 00:30:07 [INFO]: User logged in successfully adham54732@gmail.com adham ashraf  on ::1 from PostmanRuntime/7.43.0
2025-01-31 00:30:14 [INFO]: User logged in successfully adham@gmail.com adham on ::1 from PostmanRuntime/7.43.0
2025-01-31 00:30:28 [INFO]: User logged in successfully adham54732@gmail.com adham ashraf  on ::1 from PostmanRuntime/7.43.0
2025-01-31 00:33:28 [ERROR]: SyntaxError: Expected ':' after property name in JSON at position 11
    at JSON.parse (<anonymous>)
    at parse (A:\MyGitHub2024\todoApp-express-ejs\node_modules\body-parser\lib\types\json.js:92:19)
    at A:\MyGitHub2024\todoApp-express-ejs\node_modules\body-parser\lib\read.js:128:18
    at AsyncResource.runInAsyncScope (node:async_hooks:206:9)
    at invokeCallback (A:\MyGitHub2024\todoApp-express-ejs\node_modules\raw-body\index.js:238:16)
    at done (A:\MyGitHub2024\todoApp-express-ejs\node_modules\raw-body\index.js:227:7)
    at IncomingMessage.onEnd (A:\MyGitHub2024\todoApp-express-ejs\node_modules\raw-body\index.js:287:7)
    at IncomingMessage.emit (node:events:519:28)
    at endReadableNT (node:internal/streams/readable:1696:12)
    at process.processTicksAndRejections (node:internal/process/task_queues:82:21)
2025-01-31 00:34:33 [ERROR]: Error: read ECONNRESET
    at TLSWrap.onStreamRead (node:internal/stream_base_commons:218:20)
2025-01-31 00:34:40 [ERROR]: Error: read ECONNRESET
    at TLSWrap.onStreamRead (node:internal/stream_base_commons:218:20)
2025-01-31 00:42:02 [INFO]: Server running in development mode on http://localhost:3000
2025-01-31 00:42:59 [INFO]: Server running in development mode on http://localhost:3000
2025-01-31 00:43:12 [INFO]: Server running in development mode on http://localhost:3000
2025-01-31 00:43:23 [INFO]: Server running in development mode on http://localhost:3000
2025-01-31 00:45:00 [INFO]: Server running in development mode on http://localhost:3000
2025-01-31 00:45:43 [INFO]: Server running in development mode on http://localhost:3000
2025-01-31 00:45:45 [ERROR]: TokenExpiredError: jwt expired
    at A:\MyGitHub2024\todoApp-express-ejs\node_modules\jsonwebtoken\verify.js:190:21
    at getSecret (A:\MyGitHub2024\todoApp-express-ejs\node_modules\jsonwebtoken\verify.js:97:14)
    at module.exports [as verify] (A:\MyGitHub2024\todoApp-express-ejs\node_modules\jsonwebtoken\verify.js:101:10)
    at file:///A:/MyGitHub2024/todoApp-express-ejs/services/authService.js:193:23
    at asyncUtilWrap (A:\MyGitHub2024\todoApp-express-ejs\node_modules\express-async-handler\index.js:3:20)
    at Layer.handle [as handle_request] (A:\MyGitHub2024\todoApp-express-ejs\node_modules\express\lib\router\layer.js:95:5)
    at trim_prefix (A:\MyGitHub2024\todoApp-express-ejs\node_modules\express\lib\router\index.js:328:13)
    at A:\MyGitHub2024\todoApp-express-ejs\node_modules\express\lib\router\index.js:286:9
    at Function.process_params (A:\MyGitHub2024\todoApp-express-ejs\node_modules\express\lib\router\index.js:346:12)
    at next (A:\MyGitHub2024\todoApp-express-ejs\node_modules\express\lib\router\index.js:280:10)
2025-01-31 00:46:31 [INFO]: Server running in development mode on http://localhost:3000
2025-01-31 00:46:34 [INFO]: Server running in development mode on http://localhost:3000
2025-01-31 00:46:36 [INFO]: Server running in development mode on http://localhost:3000
2025-01-31 00:47:25 [INFO]: Server running in development mode on http://localhost:3000
2025-01-31 00:47:35 [ERROR]: MongooseError: Operation `users.findOne()` buffering timed out after 10000ms
    at Timeout.<anonymous> (A:\MyGitHub2024\todoApp-express-ejs\node_modules\mongoose\lib\drivers\node-mongodb-native\collection.js:185:23)
    at listOnTimeout (node:internal/timers:581:17)
    at process.processTimers (node:internal/timers:519:7)
2025-01-31 00:47:55 [INFO]: Server running in development mode on http://localhost:3000
2025-01-31 00:49:12 [INFO]: Server running in development mode on http://localhost:3000
2025-01-31 00:50:36 [INFO]: Server running in development mode on http://localhost:3000
2025-01-31 00:50:43 [INFO]: Server running in development mode on http://localhost:3000
2025-01-31 00:50:58 [INFO]: Server running in development mode on http://localhost:3000
2025-01-31 01:00:20 [ERROR]: MongoServerError: Cannot do exclusion on field id in inclusion projection
    at Connection.sendCommand (A:\MyGitHub2024\todoApp-express-ejs\node_modules\mongodb\lib\cmap\connection.js:296:27)
    at process.processTicksAndRejections (node:internal/process/task_queues:95:5)
    at async Connection.command (A:\MyGitHub2024\todoApp-express-ejs\node_modules\mongodb\lib\cmap\connection.js:323:26)
    at async Server.command (A:\MyGitHub2024\todoApp-express-ejs\node_modules\mongodb\lib\sdam\server.js:170:29)
    at async FindOperation.execute (A:\MyGitHub2024\todoApp-express-ejs\node_modules\mongodb\lib\operations\find.js:36:16)
    at async tryOperation (A:\MyGitHub2024\todoApp-express-ejs\node_modules\mongodb\lib\operations\execute_operation.js:203:20)
    at async executeOperation (A:\MyGitHub2024\todoApp-express-ejs\node_modules\mongodb\lib\operations\execute_operation.js:73:16)
    at async FindCursor._initialize (A:\MyGitHub2024\todoApp-express-ejs\node_modules\mongodb\lib\cursor\find_cursor.js:60:26)
    at async FindCursor.cursorInit (A:\MyGitHub2024\todoApp-express-ejs\node_modules\mongodb\lib\cursor\abstract_cursor.js:607:27)
    at async FindCursor.fetchBatch (A:\MyGitHub2024\todoApp-express-ejs\node_modules\mongodb\lib\cursor\abstract_cursor.js:641:13)
2025-01-31 01:09:24 [INFO]: Server running in development mode on http://localhost:3000
2025-01-31 01:09:36 [INFO]: Server running in development mode on http://localhost:3000
2025-01-31 01:09:37 [ERROR]: TokenExpiredError: jwt expired
    at A:\MyGitHub2024\todoApp-express-ejs\node_modules\jsonwebtoken\verify.js:190:21
    at getSecret (A:\MyGitHub2024\todoApp-express-ejs\node_modules\jsonwebtoken\verify.js:97:14)
    at module.exports [as verify] (A:\MyGitHub2024\todoApp-express-ejs\node_modules\jsonwebtoken\verify.js:101:10)
    at file:///A:/MyGitHub2024/todoApp-express-ejs/services/authService.js:193:23
    at asyncUtilWrap (A:\MyGitHub2024\todoApp-express-ejs\node_modules\express-async-handler\index.js:3:20)
    at Layer.handle [as handle_request] (A:\MyGitHub2024\todoApp-express-ejs\node_modules\express\lib\router\layer.js:95:5)
    at trim_prefix (A:\MyGitHub2024\todoApp-express-ejs\node_modules\express\lib\router\index.js:328:13)
    at A:\MyGitHub2024\todoApp-express-ejs\node_modules\express\lib\router\index.js:286:9
    at Function.process_params (A:\MyGitHub2024\todoApp-express-ejs\node_modules\express\lib\router\index.js:346:12)
    at next (A:\MyGitHub2024\todoApp-express-ejs\node_modules\express\lib\router\index.js:280:10)
2025-01-31 01:09:42 [ERROR]: Error: User is already a member of the group
    at file:///A:/MyGitHub2024/todoApp-express-ejs/services/groupMemberService.js:48:17
    at process.processTicksAndRejections (node:internal/process/task_queues:95:5)
2025-01-31 01:17:39 [INFO]: Server running in development mode on http://localhost:3000
2025-01-31 01:21:52 [INFO]: Server running in development mode on http://localhost:3000
2025-01-31 01:22:27 [INFO]: Server running in development mode on http://localhost:3000
2025-01-31 01:22:33 [ERROR]: Error: Not authorized to access this route
    at file:///A:/MyGitHub2024/todoApp-express-ejs/services/authService.js:190:17
    at asyncUtilWrap (A:\MyGitHub2024\todoApp-express-ejs\node_modules\express-async-handler\index.js:3:20)
    at Layer.handle [as handle_request] (A:\MyGitHub2024\todoApp-express-ejs\node_modules\express\lib\router\layer.js:95:5)
    at trim_prefix (A:\MyGitHub2024\todoApp-express-ejs\node_modules\express\lib\router\index.js:328:13)
    at A:\MyGitHub2024\todoApp-express-ejs\node_modules\express\lib\router\index.js:286:9
    at Function.process_params (A:\MyGitHub2024\todoApp-express-ejs\node_modules\express\lib\router\index.js:346:12)
    at next (A:\MyGitHub2024\todoApp-express-ejs\node_modules\express\lib\router\index.js:280:10)
    at Function.handle (A:\MyGitHub2024\todoApp-express-ejs\node_modules\express\lib\router\index.js:175:3)
    at router (A:\MyGitHub2024\todoApp-express-ejs\node_modules\express\lib\router\index.js:47:12)
    at Layer.handle [as handle_request] (A:\MyGitHub2024\todoApp-express-ejs\node_modules\express\lib\router\layer.js:95:5)
2025-01-31 01:22:44 [ERROR]: Error: Group member not found
    at file:///A:/MyGitHub2024/todoApp-express-ejs/services/groupMemberService.js:33:17
    at process.processTicksAndRejections (node:internal/process/task_queues:95:5)
2025-01-31 01:23:18 [ERROR]: Error: Group member not found
    at file:///A:/MyGitHub2024/todoApp-express-ejs/services/groupMemberService.js:33:17
    at process.processTicksAndRejections (node:internal/process/task_queues:95:5)
2025-01-31 01:23:56 [ERROR]: Error: Group member not found
    at file:///A:/MyGitHub2024/todoApp-express-ejs/services/groupMemberService.js:33:17
    at process.processTicksAndRejections (node:internal/process/task_queues:95:5)
2025-01-31 01:23:59 [ERROR]: Error: Group member not found
    at file:///A:/MyGitHub2024/todoApp-express-ejs/services/groupMemberService.js:33:17
    at process.processTicksAndRejections (node:internal/process/task_queues:95:5)
2025-01-31 01:24:51 [INFO]: Server running in development mode on http://localhost:3000
2025-01-31 01:25:30 [ERROR]: TokenExpiredError: jwt expired
    at A:\MyGitHub2024\todoApp-express-ejs\node_modules\jsonwebtoken\verify.js:190:21
    at getSecret (A:\MyGitHub2024\todoApp-express-ejs\node_modules\jsonwebtoken\verify.js:97:14)
    at module.exports [as verify] (A:\MyGitHub2024\todoApp-express-ejs\node_modules\jsonwebtoken\verify.js:101:10)
    at file:///A:/MyGitHub2024/todoApp-express-ejs/services/authService.js:193:23
    at asyncUtilWrap (A:\MyGitHub2024\todoApp-express-ejs\node_modules\express-async-handler\index.js:3:20)
    at Layer.handle [as handle_request] (A:\MyGitHub2024\todoApp-express-ejs\node_modules\express\lib\router\layer.js:95:5)
    at trim_prefix (A:\MyGitHub2024\todoApp-express-ejs\node_modules\express\lib\router\index.js:328:13)
    at A:\MyGitHub2024\todoApp-express-ejs\node_modules\express\lib\router\index.js:286:9
    at Function.process_params (A:\MyGitHub2024\todoApp-express-ejs\node_modules\express\lib\router\index.js:346:12)
    at next (A:\MyGitHub2024\todoApp-express-ejs\node_modules\express\lib\router\index.js:280:10)
2025-01-31 01:26:22 [INFO]: Server running in development mode on http://localhost:3000
2025-01-31 01:27:19 [INFO]: Server running in development mode on http://localhost:3000
2025-01-31 01:27:22 [ERROR]: Error: Invalid select: select only takes 1 argument
    at model.Query.select (A:\MyGitHub2024\todoApp-express-ejs\node_modules\mongoose\lib\query.js:1071:11)
    at file:///A:/MyGitHub2024/todoApp-express-ejs/services/groupMemberService.js:32:6
    at asyncUtilWrap (A:\MyGitHub2024\todoApp-express-ejs\node_modules\express-async-handler\index.js:3:20)
    at Layer.handle [as handle_request] (A:\MyGitHub2024\todoApp-express-ejs\node_modules\express\lib\router\layer.js:95:5)
    at next (A:\MyGitHub2024\todoApp-express-ejs\node_modules\express\lib\router\route.js:149:13)
    at file:///A:/MyGitHub2024/todoApp-express-ejs/middlewares/groupRoleMiddleware.js:16:5
    at process.processTicksAndRejections (node:internal/process/task_queues:95:5)
2025-01-31 01:27:50 [INFO]: Server running in development mode on http://localhost:3000
2025-01-31 01:34:37 [ERROR]: Error: Group member not found
    at file:///A:/MyGitHub2024/todoApp-express-ejs/services/groupMemberService.js:81:17
    at process.processTicksAndRejections (node:internal/process/task_queues:95:5)
2025-01-31 01:34:49 [INFO]: Server running in development mode on http://localhost:3000
2025-01-31 01:35:00 [INFO]: Server running in development mode on http://localhost:3000
